[17:47:38] [main/INFO] (FabricLoader/GameProvider) Loading Minecraft 1.21.4 with Fabric Loader 0.16.12
[17:47:38] [main/INFO] (FabricLoader) Loading 59 mods:
	- baritone 1.13.1-1-gb5af910d
	   \-- dev_babbaj_nether-pathfinder 1.4.1
	- fabric-api 0.119.2+1.21.4
	- fabric-api-base 0.4.54+b47eab6b04
	- fabric-api-lookup-api-v1 1.6.86+b1caf1e904
	- fabric-biome-api-v1 15.0.6+b1c29d8e04
	- fabric-block-api-v1 1.0.31+7feeb73304
	- fabric-block-view-api-v2 1.0.20+9c49cc8c04
	- fabric-blockrenderlayer-v1 2.0.8+7feeb73304
	- fabric-client-gametest-api-v1 4.1.1+6816ccd404
	- fabric-client-tags-api-v1 1.1.29+20ea1e2304
	- fabric-command-api-v1 1.2.62+f71b366f04
	- fabric-command-api-v2 2.2.41+e496eb1504
	- fabric-commands-v0 0.2.79+df3654b304
	- fabric-content-registries-v0 9.1.19+25d1a67604
	- fabric-convention-tags-v1 2.1.20+7f945d5b04
	- fabric-convention-tags-v2 2.14.1+1edcd29104
	- fabric-crash-report-info-v1 0.3.6+7feeb73304
	- fabric-data-attachment-api-v1 1.6.2+e99da0f704
	- fabric-data-generation-api-v1 22.3.1+0f4e5f5504
	- fabric-dimensions-v1 4.0.10+7feeb73304
	- fabric-entity-events-v1 2.0.15+62245bef04
	- fabric-events-interaction-v0 4.0.4+a4eebcf004
	- fabric-game-rule-api-v1 1.0.63+7d48d43904
	- fabric-gametest-api-v1 2.0.26+7feeb73304
	- fabric-item-api-v1 11.3.0+ee91fa1f04
	- fabric-item-group-api-v1 4.2.2+fcb9601404
	- fabric-key-binding-api-v1 1.0.57+7d48d43904
	- fabric-keybindings-v0 0.2.55+df3654b304
	- fabric-lifecycle-events-v1 2.5.4+bf2a60eb04
	- fabric-loot-api-v2 3.0.38+3f89f5a504
	- fabric-loot-api-v3 1.0.26+203e6b2304
	- fabric-message-api-v1 6.0.25+7feeb73304
	- fabric-model-loading-api-v1 4.3.0+ae23723504
	- fabric-networking-api-v1 4.4.0+db5e668204
	- fabric-object-builder-api-v1 18.0.14+38b0d59804
	- fabric-particles-v1 4.0.14+7feeb73304
	- fabric-recipe-api-v1 8.1.1+640e77ae04
	- fabric-registry-sync-v0 6.1.11+4a9c1ece04
	- fabric-renderer-api-v1 5.0.3+50f0feb204
	- fabric-renderer-indigo 2.0.3+50f0feb204
	- fabric-rendering-data-attachment-v1 0.3.58+73761d2e04
	- fabric-rendering-fluids-v1 3.1.19+7feeb73304
	- fabric-rendering-v1 10.2.1+0d31b09f04
	- fabric-resource-conditions-api-v1 5.0.13+203e6b2304
	- fabric-resource-loader-v0 3.1.1+360374ac04
	- fabric-screen-api-v1 2.0.38+7feeb73304
	- fabric-screen-handler-api-v1 1.3.118+7feeb73304
	- fabric-sound-api-v1 1.0.32+7feeb73304
	- fabric-tag-api-v1 1.0.7+7d48d43904
	- fabric-transfer-api-v1 5.4.9+efa825c904
	- fabric-transitive-access-wideners-v1 6.3.2+56e78b9b04
	- fabricloader 0.16.12
	- java 21
	- litematica 0.21.0
	- malilib 0.23.0
	- mapart 1.0.0
	- minecraft 1.21.4
	- mixinextras 0.4.1
[17:47:42] [main/INFO] (FabricLoader/Mixin) SpongePowered MIXIN Subsystem Version=0.8.7 Source=file:/C:/Users/Sarg/.gradle/caches/modules-2/files-2.1/net.fabricmc/sponge-mixin/0.15.4+mixin.0.8.7/6a12aacc794f1078458433116e9ed42c1cc98096/sponge-mixin-0.15.4+mixin.0.8.7.jar Service=Knot/Fabric Env=CLIENT
[17:47:42] [main/INFO] (FabricLoader/Mixin) Loaded Fabric development mappings for mixin remapper!
[17:47:42] [main/INFO] (FabricLoader/Mixin) Compatibility level set to JAVA_21
[17:47:43] [main/INFO] (FabricLoader/MixinExtras|Service) Initializing MixinExtras via com.llamalad7.mixinextras.service.MixinExtrasServiceImpl(version=0.4.1).
[17:47:44] [Datafixer Bootstrap/INFO] (Minecraft) 243 Datafixer optimizations took 392 milliseconds
[17:47:49] [Render thread/WARN] (FabricLoader/Mixin) Error loading class: net/minecraft/client/player/LocalPlayer (java.lang.ClassNotFoundException: net/minecraft/client/player/LocalPlayer)
[17:47:49] [Render thread/INFO] (Minecraft) Environment: Environment[sessionHost=https://sessionserver.mojang.com, servicesHost=https://api.minecraftservices.com, name=PROD]
[17:47:49] [Render thread/INFO] (Minecraft) Setting user: Player952
[17:47:49] [Render thread/INFO] (mapart) MapArt common initialization complete.
[17:47:49] [Render thread/INFO] (Indigo) [Indigo] Registering Indigo renderer!
[17:47:49] [Render thread/INFO] (Minecraft) [STDOUT]: [nether-pathfinder] Created temp file at C:\Users\Sarg\AppData\Local\Temp\nether_pathfinder-x86_643154027766603366831.dll
[17:47:49] [Render thread/INFO] (Minecraft) [STDERR]: [nether-pathfinder] Failed to delete temp file
[17:47:49] [Render thread/INFO] (Minecraft) [STDOUT]: [nether-pathfinder] Loaded shared library
[17:47:49] [Render thread/INFO] (mapart) Initialized mapart client command pipeline with /mapart, /maprunner, and /mapartrunner
[17:47:49] [Render thread/INFO] (mapart) Baritone facade backend: RealBaritoneFacade
[17:47:50] [Render thread/INFO] (Minecraft) Backend library: LWJGL version 3.3.3-snapshot
[17:47:51] [Render thread/INFO] (Minecraft) Reloading ResourceManager: vanilla, fabric, fabric-api, fabric-api-base, fabric-api-lookup-api-v1, fabric-biome-api-v1, fabric-block-api-v1, fabric-block-view-api-v2, fabric-blockrenderlayer-v1, fabric-client-gametest-api-v1, fabric-client-tags-api-v1, fabric-command-api-v1, fabric-command-api-v2, fabric-commands-v0, fabric-content-registries-v0, fabric-convention-tags-v1, fabric-convention-tags-v2, fabric-crash-report-info-v1, fabric-data-attachment-api-v1, fabric-data-generation-api-v1, fabric-dimensions-v1, fabric-entity-events-v1, fabric-events-interaction-v0, fabric-game-rule-api-v1, fabric-gametest-api-v1, fabric-item-api-v1, fabric-item-group-api-v1, fabric-key-binding-api-v1, fabric-keybindings-v0, fabric-lifecycle-events-v1, fabric-loot-api-v2, fabric-loot-api-v3, fabric-message-api-v1, fabric-model-loading-api-v1, fabric-networking-api-v1, fabric-object-builder-api-v1, fabric-particles-v1, fabric-recipe-api-v1, fabric-registry-sync-v0, fabric-renderer-api-v1, fabric-renderer-indigo, fabric-rendering-data-attachment-v1, fabric-rendering-fluids-v1, fabric-rendering-v1, fabric-resource-conditions-api-v1, fabric-resource-loader-v0, fabric-screen-api-v1, fabric-screen-handler-api-v1, fabric-sound-api-v1, fabric-tag-api-v1, fabric-transfer-api-v1, fabric-transitive-access-wideners-v1, fabricloader, litematica, malilib
[17:47:51] [Worker-Main-9/INFO] (Minecraft) Found unifont_all_no_pua-16.0.01.hex, loading
[17:47:51] [Worker-Main-5/INFO] (Minecraft) Found unifont_jp_patch-16.0.01.hex, loading
[17:47:52] [Render thread/INFO] (Minecraft) [CHAT] [Baritone] Baritone settings file not found, resetting.
[17:47:52] [Render thread/INFO] (Minecraft) OpenAL initialized on device OpenAL Soft on Realtek HD Audio 2nd output (Realtek(R) Audio)
[17:47:52] [Render thread/INFO] (Minecraft) Sound engine started
[17:47:52] [Render thread/INFO] (Minecraft) Created: 1024x512x4 minecraft:textures/atlas/blocks.png-atlas
[17:47:52] [Render thread/INFO] (Minecraft) Created: 256x256x4 minecraft:textures/atlas/signs.png-atlas
[17:47:52] [Render thread/INFO] (Minecraft) Created: 512x512x4 minecraft:textures/atlas/banner_patterns.png-atlas
[17:47:52] [Render thread/INFO] (Minecraft) Created: 512x512x4 minecraft:textures/atlas/shield_patterns.png-atlas
[17:47:52] [Render thread/INFO] (Minecraft) Created: 2048x1024x4 minecraft:textures/atlas/armor_trims.png-atlas
[17:47:52] [Render thread/INFO] (Minecraft) Created: 256x256x4 minecraft:textures/atlas/chest.png-atlas
[17:47:52] [Render thread/INFO] (Minecraft) Created: 128x64x4 minecraft:textures/atlas/decorated_pot.png-atlas
[17:47:52] [Render thread/INFO] (Minecraft) Created: 512x256x4 minecraft:textures/atlas/beds.png-atlas
[17:47:52] [Render thread/INFO] (Minecraft) Created: 512x256x4 minecraft:textures/atlas/shulker_boxes.png-atlas
[17:47:52] [Render thread/INFO] (Minecraft) Created: 64x64x0 minecraft:textures/atlas/map_decorations.png-atlas
[17:47:52] [Render thread/INFO] (Minecraft) Created: 512x256x0 minecraft:textures/atlas/particles.png-atlas
[17:47:52] [Render thread/INFO] (Minecraft) Created: 512x256x0 minecraft:textures/atlas/paintings.png-atlas
[17:47:52] [Render thread/INFO] (Minecraft) Created: 256x128x0 minecraft:textures/atlas/mob_effects.png-atlas
[17:47:52] [Render thread/INFO] (Minecraft) Created: 1024x512x0 minecraft:textures/atlas/gui.png-atlas
[17:47:59] [Render thread/INFO] (Minecraft) Loaded 1370 recipes
[17:47:59] [Render thread/INFO] (Minecraft) Loaded 1481 advancements
[17:47:59] [Render thread/INFO] (BiomeModificationImpl) Applied 0 biome modifications to 0 of 65 new biomes in 885.4 μs
[17:47:59] [Server thread/INFO] (Minecraft) Starting integrated minecraft server version 1.21.4
[17:47:59] [Server thread/INFO] (Minecraft) Generating keypair
[17:47:59] [Server thread/INFO] (Minecraft) Preparing start region for dimension minecraft:overworld
[17:47:59] [Render thread/INFO] (Minecraft) Preparing spawn area: 0%
[17:47:59] [Render thread/INFO] (Minecraft) Time elapsed: 306 ms
[17:47:59] [Server thread/INFO] (Minecraft) Changing view distance to 18, from 10
[17:47:59] [Server thread/INFO] (Minecraft) Changing simulation distance to 12, from 0
[17:48:00] [Server thread/INFO] (Minecraft) Player952[local:E:83c7f866] logged in with entity id 3 at (-192.53115287761878, -60.0, 112.98741275488362)
[17:48:00] [Server thread/INFO] (Minecraft) Player952 joined the game
[17:48:00] [Server thread/INFO] (Minecraft) Player952 has made the advancement [Ice Bucket Challenge]
[17:48:00] [Server thread/INFO] (Minecraft) Player952 has made the advancement [Stone Age]
[17:48:01] [Render thread/INFO] (Minecraft) [STDOUT]: Baritone world data dir: C:\Users\Sarg\IdeaProjects\MapArtrunner\run\saves\New World\.\baritone\minecraft\overworld_384
[17:48:01] [Render thread/INFO] (Minecraft) [STDOUT]: Cached world directory: C:\Users\Sarg\IdeaProjects\MapArtrunner\run\saves\New World\.\baritone\minecraft\overworld_384\cache
[17:48:01] [Render thread/INFO] (Minecraft) [STDOUT]: Would save waypoints to C:\Users\Sarg\IdeaProjects\MapArtrunner\run\saves\New World\.\baritone\minecraft\overworld_384\waypoints
[17:48:01] [Render thread/INFO] (litematica) Using 3 total BufferAllocator caches
[17:48:01] [Render thread/INFO] (Minecraft) [System] [CHAT] Player952 has made the advancement [Ice Bucket Challenge]
[17:48:01] [Render thread/INFO] (Minecraft) [System] [CHAT] Player952 has made the advancement [Stone Age]
[17:48:01] [Render thread/INFO] (Minecraft) Loaded 53 advancements
[17:48:01] [pool-5-thread-1/INFO] (Minecraft) [STDOUT]: Loading region -1,0 from disk C:\Users\Sarg\IdeaProjects\MapArtrunner\run\saves\New World\.\baritone\minecraft\overworld_384\cache
[17:48:02] [pool-5-thread-1/INFO] (Minecraft) [STDOUT]: Loaded region successfully in 1314ms
[17:48:02] [pool-5-thread-1/INFO] (Minecraft) [STDOUT]: Loading region -1,-1 from disk C:\Users\Sarg\IdeaProjects\MapArtrunner\run\saves\New World\.\baritone\minecraft\overworld_384\cache
[17:48:03] [pool-5-thread-1/INFO] (Minecraft) [STDOUT]: Loaded region successfully in 1220ms
[17:48:03] [pool-5-thread-1/INFO] (Minecraft) [STDOUT]: Loading region 0,0 from disk C:\Users\Sarg\IdeaProjects\MapArtrunner\run\saves\New World\.\baritone\minecraft\overworld_384\cache
[17:48:04] [pool-5-thread-1/INFO] (Minecraft) [STDOUT]: Loaded region successfully in 326ms
[17:48:04] [pool-5-thread-1/INFO] (Minecraft) [STDOUT]: Loading region 0,-1 from disk C:\Users\Sarg\IdeaProjects\MapArtrunner\run\saves\New World\.\baritone\minecraft\overworld_384\cache
[17:48:04] [pool-5-thread-1/INFO] (Minecraft) [STDOUT]: Loaded region successfully in 123ms
[17:48:19] [Render thread/INFO] (Minecraft) [System] [CHAT] State: IDLE (no plan loaded).
[17:48:23] [Render thread/INFO] (Minecraft) [System] [CHAT] No build plan loaded. Use /mapart load <path> first.
[17:48:30] [Render thread/INFO] (Minecraft) [System] [CHAT] Loaded plan bedrock.nbt (16512 placements, 72 regions).
[17:48:30] [Render thread/INFO] (Minecraft) [System] [CHAT] [MapArt] Movement ended before reaching -191, -59, 115. Run /mapart resume to retry.
[17:48:31] [ForkJoinPool.commonPool-worker-2/INFO] (Minecraft) [STDOUT]: Saving region 0,0 to disk C:\Users\Sarg\IdeaProjects\MapArtrunner\run\saves\New World\.\baritone\minecraft\overworld_384\cache
[17:48:31] [ForkJoinPool.commonPool-worker-1/INFO] (Minecraft) [STDOUT]: Saving region 0,-1 to disk C:\Users\Sarg\IdeaProjects\MapArtrunner\run\saves\New World\.\baritone\minecraft\overworld_384\cache
[17:48:31] [pool-5-thread-2/INFO] (Minecraft) [STDOUT]: Saving region -1,0 to disk C:\Users\Sarg\IdeaProjects\MapArtrunner\run\saves\New World\.\baritone\minecraft\overworld_384\cache
[17:48:31] [ForkJoinPool.commonPool-worker-3/INFO] (Minecraft) [STDOUT]: Saving region -1,-1 to disk C:\Users\Sarg\IdeaProjects\MapArtrunner\run\saves\New World\.\baritone\minecraft\overworld_384\cache
[17:48:31] [ForkJoinPool.commonPool-worker-1/INFO] (Minecraft) [STDOUT]: Saved region successfully
[17:48:31] [ForkJoinPool.commonPool-worker-2/INFO] (Minecraft) [STDOUT]: Saved region successfully
[17:48:31] [ForkJoinPool.commonPool-worker-3/INFO] (Minecraft) [STDOUT]: Saved region successfully
[17:48:31] [pool-5-thread-2/INFO] (Minecraft) [STDOUT]: Saved region successfully
[17:48:31] [pool-5-thread-2/INFO] (Minecraft) [STDOUT]: World save took 149ms
[17:48:40] [Render thread/INFO] (Minecraft) [System] [CHAT] Unloaded current build plan and cleared session progress.
[17:48:47] [Render thread/INFO] (Minecraft) [System] [CHAT] Loaded plan bedrock.nbt (16512 placements, 72 regions).
[17:49:10] [Render thread/INFO] (Minecraft) [System] [CHAT] Origin set to 1, 1, 1
[17:49:18] [Render thread/INFO] (Minecraft) [System] [CHAT] Origin set to -191, -61, 65
[17:49:37] [Server thread/INFO] (Minecraft) Saving and pausing game...
[17:49:37] [Server thread/INFO] (Minecraft) Saving chunks for level 'ServerLevel[New World]'/minecraft:overworld
[17:49:37] [Server thread/INFO] (Minecraft) Saving chunks for level 'ServerLevel[New World]'/minecraft:the_end
[17:49:37] [Server thread/INFO] (Minecraft) Saving chunks for level 'ServerLevel[New World]'/minecraft:the_nether
[17:49:38] [Server thread/INFO] (Minecraft) Saving and pausing game...
[17:49:38] [Server thread/INFO] (Minecraft) Saving chunks for level 'ServerLevel[New World]'/minecraft:overworld
[17:49:38] [Server thread/INFO] (Minecraft) Saving chunks for level 'ServerLevel[New World]'/minecraft:the_end
[17:49:38] [Server thread/INFO] (Minecraft) Saving chunks for level 'ServerLevel[New World]'/minecraft:the_nether
[17:49:41] [Server thread/INFO] (Minecraft) Player952 lost connection: Disconnected
[17:49:41] [Server thread/INFO] (Minecraft) Player952 left the game
[17:49:41] [Server thread/INFO] (Minecraft) Stopping singleplayer server as player logged out
[17:49:41] [Server thread/INFO] (Minecraft) Stopping server
[17:49:41] [Server thread/INFO] (Minecraft) Saving players
[17:49:41] [Server thread/INFO] (Minecraft) Saving worlds
[17:49:41] [Server thread/INFO] (Minecraft) Saving chunks for level 'ServerLevel[New World]'/minecraft:overworld
[17:49:41] [Server thread/INFO] (Minecraft) Saving chunks for level 'ServerLevel[New World]'/minecraft:the_end
[17:49:41] [Server thread/INFO] (Minecraft) Saving chunks for level 'ServerLevel[New World]'/minecraft:the_nether
[17:49:41] [Server thread/INFO] (Minecraft) ThreadedAnvilChunkStorage (New World): All chunks are saved
[17:49:41] [Server thread/INFO] (Minecraft) ThreadedAnvilChunkStorage (DIM1): All chunks are saved
[17:49:41] [Server thread/INFO] (Minecraft) ThreadedAnvilChunkStorage (DIM-1): All chunks are saved
[17:49:41] [Server thread/INFO] (Minecraft) ThreadedAnvilChunkStorage: All dimensions are saved
[17:58:31] [pool-5-thread-2/INFO] (Minecraft) [STDOUT]: Saving region -1,0 to disk C:\Users\Sarg\IdeaProjects\MapArtrunner\run\saves\New World\.\baritone\minecraft\overworld_384\cache
[17:58:31] [ForkJoinPool.commonPool-worker-4/INFO] (Minecraft) [STDOUT]: Saving region 0,-1 to disk C:\Users\Sarg\IdeaProjects\MapArtrunner\run\saves\New World\.\baritone\minecraft\overworld_384\cache
[17:58:31] [ForkJoinPool.commonPool-worker-5/INFO] (Minecraft) [STDOUT]: Saving region 0,0 to disk C:\Users\Sarg\IdeaProjects\MapArtrunner\run\saves\New World\.\baritone\minecraft\overworld_384\cache
[17:58:31] [ForkJoinPool.commonPool-worker-6/INFO] (Minecraft) [STDOUT]: Saving region -1,-1 to disk C:\Users\Sarg\IdeaProjects\MapArtrunner\run\saves\New World\.\baritone\minecraft\overworld_384\cache
[17:58:31] [ForkJoinPool.commonPool-worker-4/INFO] (Minecraft) [STDOUT]: Saved region successfully
[17:58:31] [ForkJoinPool.commonPool-worker-5/INFO] (Minecraft) [STDOUT]: Saved region successfully
[17:58:31] [ForkJoinPool.commonPool-worker-6/INFO] (Minecraft) [STDOUT]: Saved region successfully
[17:58:31] [pool-5-thread-2/INFO] (Minecraft) [STDOUT]: Saved region successfully
[17:58:31] [pool-5-thread-2/INFO] (Minecraft) [STDOUT]: World save took 135ms
[17:58:31] [pool-5-thread-2/INFO] (Minecraft) [STDOUT]: mc.world unloaded unnoticed! Unloading Baritone cache now.
[17:58:31] [pool-5-thread-4/INFO] (Minecraft) [STDOUT]: Started saving the world in a new thread
[17:58:31] [pool-5-thread-4/INFO] (Minecraft) [STDOUT]: World save took 0ms
[18:03:03] [Render thread/INFO] (Minecraft) Stopping!
